Filename                      Regions    Missed Regions     Cover   Functions  Missed Functions  Executed       Lines      Missed Lines     Cover    Branches   Missed Branches     Cover
-----------------------------------------------------------------------------------------------------------------------------------------------------------------------------------------
config.rs                         285                 6    97.89%          29                 2    93.10%         159                 2    98.74%           0                 0         -
pair.rs                           201                 2    99.00%          15                 1    93.33%         148                 1    99.32%           0                 0         -
relay/bridge.rs                   374                13    96.52%          30                 2    93.33%         248                 5    97.98%           0                 0         -
relay/frame.rs                    208                 3    98.56%          20                 0   100.00%         130                 2    98.46%           0                 0         -
token_cache.rs                    156                17    89.10%          14                 4    71.43%          82                 4    95.12%           0                 0         -
-----------------------------------------------------------------------------------------------------------------------------------------------------------------------------------------
TOTAL                            1224                41    96.65%         108                 9    91.67%         767                14    98.17%           0                 0         -
